<?xml version="1.0" encoding="UTF-8"?>
<!-- Generated by org.testng.reporters.JUnitReportReporter -->
<testsuite hostname="Ranjeet-MacBook-Pro.local" failures="0" tests="1" name="Com.internetbaning.TestCases.TC_AccountCreation_003" time="33.878" errors="0" timestamp="2022-11-28T11:11:06 IST" skipped="0">
  <testcase classname="Com.internetbaning.TestCases.TC_AccountCreation_003" name="AddNewAccount" time="33.878"/>
  <system-out/>
</testsuite> <!-- Com.internetbaning.TestCases.TC_AccountCreation_003 -->
