<?xml version="1.0" encoding="UTF-8"?>
<!-- Generated by org.testng.reporters.JUnitReportReporter -->
<testsuite hostname="Ranjeet-MacBook-Pro.local" failures="0" tests="1" name="Com.internetbaning.TestCases.NewCutomerTest" time="43.594" errors="0" timestamp="2022-11-28T11:11:06 IST" skipped="0">
  <testcase classname="Com.internetbaning.TestCases.NewCutomerTest" name="AddnewCutomer" time="43.594"/>
  <system-out/>
</testsuite> <!-- Com.internetbaning.TestCases.NewCutomerTest -->
